<?xml version="1.0" encoding="UTF-8"?>
<testsuite failures="0" skip="0" tests="1" name="Acceptance" errors="0">
<testcase classname="Acceptance.Testsuite-Login" name="Test All Login Scenarios" time="28">
</testcase>
</testsuite>
